SF:lib\app\app.dart
DA:9,1
DA:11,1
DA:13,2
DA:14,0
DA:16,0
DA:20,0
DA:21,0
DA:22,0
DA:23,0
DA:24,0
LF:10
LH:3
end_of_record
SF:lib\l10n\l10n.dart
DA:8,0
LF:1
LH:0
end_of_record
SF:lib\app\core\router\router.dart
DA:6,0
DA:7,0
DA:8,0
DA:10,0
DA:11,0
DA:13,0
DA:15,0
DA:17,0
LF:8
LH:0
end_of_record
SF:lib\app\core\theme\app_theme.dart
DA:6,0
DA:8,0
DA:12,0
DA:14,0
DA:19,3
LF:5
LH:1
end_of_record
SF:lib\app\features\home\view\home_view.dart
DA:6,1
DA:10,0
LF:2
LH:1
end_of_record
SF:lib\app\features\splash\view\splash_view.dart
DA:6,1
DA:10,0
LF:2
LH:1
end_of_record
